[DEBUG][2017-02-24 09:40:22] [com.abc.test.MyTest 14] debug msg =========
[TRACE][2017-02-24 09:40:22] [com.abc.test.MyTest 15] trace msg =========
[FATAL][2017-02-24 09:40:22] [com.abc.test.MyTest 10] fatal msg =========
[ERROR][2017-02-24 09:40:22] [com.abc.test.MyTest 11] error msg =========
[FATAL][2017-02-24 09:40:22] [com.abc.test.MyTest 10] fatal msg =========
[WARN ][2017-02-24 09:40:22] [com.abc.test.MyTest 12] warn msg ===========
[INFO ][2017-02-24 09:40:22] [com.abc.test.MyTest 13] info msg ===========
[DEBUG][2017-02-24 09:40:22] [com.abc.test.MyTest 14] debug msg =========
[ERROR][2017-02-24 09:40:22] [com.abc.test.MyTest 11] error msg =========
[TRACE][2017-02-24 09:40:22] [com.abc.test.MyTest 15] trace msg =========
[WARN ][2017-02-24 09:40:22] [com.abc.test.MyTest 12] warn msg ===========
[INFO ][2017-02-24 09:40:22] [com.abc.test.MyTest 13] info msg ===========
[DEBUG][2017-02-24 09:40:22] [com.abc.test.MyTest 14] debug msg =========
[TRACE][2017-02-24 09:40:22] [com.abc.test.MyTest 15] trace msg =========
[FATAL][2017-02-24 09:40:24] [com.abc.test.MyTest 10] fatal msg =========
[FATAL][2017-02-24 09:40:24] [com.abc.test.MyTest 10] fatal msg =========
[ERROR][2017-02-24 09:40:24] [com.abc.test.MyTest 11] error msg =========
[ERROR][2017-02-24 09:40:24] [com.abc.test.MyTest 11] error msg =========
[WARN ][2017-02-24 09:40:24] [com.abc.test.MyTest 12] warn msg ===========
[WARN ][2017-02-24 09:40:24] [com.abc.test.MyTest 12] warn msg ===========
[INFO ][2017-02-24 09:40:24] [com.abc.test.MyTest 13] info msg ===========
[INFO ][2017-02-24 09:40:24] [com.abc.test.MyTest 13] info msg ===========
[DEBUG][2017-02-24 09:40:24] [com.abc.test.MyTest 14] debug msg =========
[DEBUG][2017-02-24 09:40:24] [com.abc.test.MyTest 14] debug msg =========
[TRACE][2017-02-24 09:40:24] [com.abc.test.MyTest 15] trace msg =========
[TRACE][2017-02-24 09:40:24] [com.abc.test.MyTest 15] trace msg =========
[FATAL][2017-02-24 09:40:24] [com.abc.test.MyTest 10] fatal msg =========
[ERROR][2017-02-24 09:40:24] [com.abc.test.MyTest 11] error msg =========
[WARN ][2017-02-24 09:40:24] [com.abc.test.MyTest 12] warn msg ===========
[INFO ][2017-02-24 09:40:24] [com.abc.test.MyTest 13] info msg ===========
[DEBUG][2017-02-24 09:40:24] [com.abc.test.MyTest 14] debug msg =========
[TRACE][2017-02-24 09:40:24] [com.abc.test.MyTest 15] trace msg =========
[FATAL][2017-02-24 09:40:24] [com.abc.test.MyTest 10] fatal msg =========
[ERROR][2017-02-24 09:40:24] [com.abc.test.MyTest 11] error msg =========
[WARN ][2017-02-24 09:40:24] [com.abc.test.MyTest 12] warn msg ===========
[INFO ][2017-02-24 09:40:24] [com.abc.test.MyTest 13] info msg ===========
[DEBUG][2017-02-24 09:40:24] [com.abc.test.MyTest 14] debug msg =========
[TRACE][2017-02-24 09:40:24] [com.abc.test.MyTest 15] trace msg =========
